c:\users\adity\desktop\humber\_humber fall 2018\game programming 5 - game-203-0na\uiproject\basicphysicsengine\basicphysicsengine\debug\vc140.pdb
c:\users\adity\desktop\humber\_humber fall 2018\game programming 5 - game-203-0na\uiproject\basicphysicsengine\basicphysicsengine\debug\vc140.idb
c:\users\adity\desktop\humber\_humber fall 2018\game programming 5 - game-203-0na\uiproject\basicphysicsengine\basicphysicsengine\debug\collider.obj
c:\users\adity\desktop\humber\_humber fall 2018\game programming 5 - game-203-0na\uiproject\basicphysicsengine\basicphysicsengine\debug\gamemanager.obj
c:\users\adity\desktop\humber\_humber fall 2018\game programming 5 - game-203-0na\uiproject\basicphysicsengine\basicphysicsengine\debug\body.obj
c:\users\adity\desktop\humber\_humber fall 2018\game programming 5 - game-203-0na\uiproject\basicphysicsengine\basicphysicsengine\debug\ui02.obj
c:\users\adity\desktop\humber\_humber fall 2018\game programming 5 - game-203-0na\uiproject\basicphysicsengine\basicphysicsengine\debug\uielement.obj
c:\users\adity\desktop\humber\_humber fall 2018\game programming 5 - game-203-0na\uiproject\basicphysicsengine\basicphysicsengine\debug\main.obj
c:\users\adity\desktop\humber\_humber fall 2018\game programming 5 - game-203-0na\uiproject\basicphysicsengine\basicphysicsengine\debug\mmath.obj
c:\users\adity\desktop\humber\_humber fall 2018\game programming 5 - game-203-0na\uiproject\basicphysicsengine\basicphysicsengine\debug\ui01.obj
c:\users\adity\desktop\humber\_humber fall 2018\game programming 5 - game-203-0na\uiproject\basicphysicsengine\basicphysicsengine\debug\scene02.obj
c:\users\adity\desktop\humber\_humber fall 2018\game programming 5 - game-203-0na\uiproject\basicphysicsengine\basicphysicsengine\debug\timer.obj
c:\users\adity\desktop\humber\_humber fall 2018\game programming 5 - game-203-0na\uiproject\basicphysicsengine\basicphysicsengine\debug\uilabel.obj
c:\users\adity\desktop\humber\_humber fall 2018\game programming 5 - game-203-0na\uiproject\basicphysicsengine\basicphysicsengine\debug\uimanager.obj
c:\users\adity\desktop\humber\_humber fall 2018\game programming 5 - game-203-0na\uiproject\basicphysicsengine\basicphysicsengine\debug\vector3.obj
c:\users\adity\desktop\humber\_humber fall 2018\game programming 5 - game-203-0na\uiproject\basicphysicsengine\basicphysicsengine\debug\window.obj
c:\users\adity\desktop\humber\_humber fall 2018\game programming 5 - game-203-0na\uiproject\basicphysicsengine\basicphysicsengine\debug\uifactory.obj
c:\users\adity\desktop\humber\_humber fall 2018\game programming 5 - game-203-0na\uiproject\basicphysicsengine\basicphysicsengine\debug\vector.obj
c:\users\adity\desktop\humber\_humber fall 2018\game programming 5 - game-203-0na\uiproject\basicphysicsengine\basicphysicsengine\debug\scenephysics.obj
c:\users\adity\desktop\humber\_humber fall 2018\game programming 5 - game-203-0na\uiproject\basicphysicsengine\debug\uiproject.ilk
c:\users\adity\desktop\humber\_humber fall 2018\game programming 5 - game-203-0na\uiproject\basicphysicsengine\debug\uiproject.exe
c:\users\adity\desktop\humber\_humber fall 2018\game programming 5 - game-203-0na\uiproject\basicphysicsengine\debug\uiproject.pdb
c:\users\adity\desktop\humber\_humber fall 2018\game dynamics 2 - game-205-0na\assignment3\basicphysicsengine\basicphysicsengine\debug\body.obj
c:\users\adity\desktop\humber\_humber fall 2018\game dynamics 2 - game-205-0na\assignment3\basicphysicsengine\basicphysicsengine\debug\collider.obj
c:\users\adity\desktop\humber\_humber fall 2018\game dynamics 2 - game-205-0na\assignment3\basicphysicsengine\basicphysicsengine\debug\gamemanager.obj
c:\users\adity\desktop\humber\_humber fall 2018\game dynamics 2 - game-205-0na\assignment3\basicphysicsengine\basicphysicsengine\debug\main.obj
c:\users\adity\desktop\humber\_humber fall 2018\game dynamics 2 - game-205-0na\assignment3\basicphysicsengine\basicphysicsengine\debug\mmath.obj
c:\users\adity\desktop\humber\_humber fall 2018\game dynamics 2 - game-205-0na\assignment3\basicphysicsengine\basicphysicsengine\debug\scene02.obj
c:\users\adity\desktop\humber\_humber fall 2018\game dynamics 2 - game-205-0na\assignment3\basicphysicsengine\basicphysicsengine\debug\scenephysics.obj
c:\users\adity\desktop\humber\_humber fall 2018\game dynamics 2 - game-205-0na\assignment3\basicphysicsengine\basicphysicsengine\debug\timer.obj
c:\users\adity\desktop\humber\_humber fall 2018\game dynamics 2 - game-205-0na\assignment3\basicphysicsengine\basicphysicsengine\debug\ui01.obj
c:\users\adity\desktop\humber\_humber fall 2018\game dynamics 2 - game-205-0na\assignment3\basicphysicsengine\basicphysicsengine\debug\ui02.obj
c:\users\adity\desktop\humber\_humber fall 2018\game dynamics 2 - game-205-0na\assignment3\basicphysicsengine\basicphysicsengine\debug\uielement.obj
c:\users\adity\desktop\humber\_humber fall 2018\game dynamics 2 - game-205-0na\assignment3\basicphysicsengine\basicphysicsengine\debug\uifactory.obj
c:\users\adity\desktop\humber\_humber fall 2018\game dynamics 2 - game-205-0na\assignment3\basicphysicsengine\basicphysicsengine\debug\uilabel.obj
c:\users\adity\desktop\humber\_humber fall 2018\game dynamics 2 - game-205-0na\assignment3\basicphysicsengine\basicphysicsengine\debug\uimanager.obj
c:\users\adity\desktop\humber\_humber fall 2018\game dynamics 2 - game-205-0na\assignment3\basicphysicsengine\basicphysicsengine\debug\vector.obj
c:\users\adity\desktop\humber\_humber fall 2018\game dynamics 2 - game-205-0na\assignment3\basicphysicsengine\basicphysicsengine\debug\vector3.obj
c:\users\adity\desktop\humber\_humber fall 2018\game dynamics 2 - game-205-0na\assignment3\basicphysicsengine\basicphysicsengine\debug\window.obj
c:\users\adity\desktop\humber\_humber fall 2018\game dynamics 2 - game-205-0na\assignment3\basicphysicsengine\basicphysicsengine\debug\nativecodeanalysis.read.1.tlog
c:\users\adity\desktop\humber\_humber fall 2018\game dynamics 2 - game-205-0na\assignment3\basicphysicsengine\basicphysicsengine\debug\vc140.idb
c:\users\adity\desktop\humber\_humber fall 2018\game dynamics 2 - game-205-0na\assignment3\basicphysicsengine\basicphysicsengine\debug\vc140.pdb
c:\users\adity\desktop\humber\_humber fall 2018\game dynamics 2 - game-205-0na\assignment3\basicphysicsengine\basicphysicsengine\debug\body.nativecodeanalysis.xml
c:\users\adity\desktop\humber\_humber fall 2018\game dynamics 2 - game-205-0na\assignment3\basicphysicsengine\basicphysicsengine\debug\collider.nativecodeanalysis.xml
c:\users\adity\desktop\humber\_humber fall 2018\game dynamics 2 - game-205-0na\assignment3\basicphysicsengine\basicphysicsengine\debug\gamemanager.nativecodeanalysis.xml
c:\users\adity\desktop\humber\_humber fall 2018\game dynamics 2 - game-205-0na\assignment3\basicphysicsengine\basicphysicsengine\debug\main.nativecodeanalysis.xml
c:\users\adity\desktop\humber\_humber fall 2018\game dynamics 2 - game-205-0na\assignment3\basicphysicsengine\basicphysicsengine\debug\mmath.nativecodeanalysis.xml
c:\users\adity\desktop\humber\_humber fall 2018\game dynamics 2 - game-205-0na\assignment3\basicphysicsengine\basicphysicsengine\debug\scene02.nativecodeanalysis.xml
c:\users\adity\desktop\humber\_humber fall 2018\game dynamics 2 - game-205-0na\assignment3\basicphysicsengine\basicphysicsengine\debug\timer.nativecodeanalysis.xml
c:\users\adity\desktop\humber\_humber fall 2018\game dynamics 2 - game-205-0na\assignment3\basicphysicsengine\basicphysicsengine\debug\ui01.nativecodeanalysis.xml
c:\users\adity\desktop\humber\_humber fall 2018\game dynamics 2 - game-205-0na\assignment3\basicphysicsengine\basicphysicsengine\debug\ui02.nativecodeanalysis.xml
c:\users\adity\desktop\humber\_humber fall 2018\game dynamics 2 - game-205-0na\assignment3\basicphysicsengine\basicphysicsengine\debug\uielement.nativecodeanalysis.xml
c:\users\adity\desktop\humber\_humber fall 2018\game dynamics 2 - game-205-0na\assignment3\basicphysicsengine\basicphysicsengine\debug\uilabel.nativecodeanalysis.xml
c:\users\adity\desktop\humber\_humber fall 2018\game dynamics 2 - game-205-0na\assignment3\basicphysicsengine\basicphysicsengine\debug\uimanager.nativecodeanalysis.xml
c:\users\adity\desktop\humber\_humber fall 2018\game dynamics 2 - game-205-0na\assignment3\basicphysicsengine\basicphysicsengine\debug\vc.nativecodeanalysis.all.xml
c:\users\adity\desktop\humber\_humber fall 2018\game dynamics 2 - game-205-0na\assignment3\basicphysicsengine\basicphysicsengine\debug\vector3.nativecodeanalysis.xml
c:\users\adity\desktop\humber\_humber fall 2018\game dynamics 2 - game-205-0na\assignment3\basicphysicsengine\basicphysicsengine\debug\window.nativecodeanalysis.xml
c:\users\adity\desktop\humber\_humber fall 2018\game dynamics 2 - game-205-0na\assignment3\basicphysicsengine\debug\uiproject.pdb
c:\users\adity\desktop\humber\_humber fall 2018\game dynamics 2 - game-205-0na\assignment3\basicphysicsengine\debug\uiproject.exe
c:\users\adity\desktop\humber\_humber fall 2018\game dynamics 2 - game-205-0na\assignment3\basicphysicsengine\debug\uiproject.ilk
c:\users\adity\desktop\humber\_humber fall 2018\game dynamics 2 - game-205-0na\assignment3\basicphysicsengine\basicphysicsengine\debug\uiproject.tlog\cl.command.1.tlog
c:\users\adity\desktop\humber\_humber fall 2018\game dynamics 2 - game-205-0na\assignment3\basicphysicsengine\basicphysicsengine\debug\uiproject.tlog\cl.read.1.tlog
c:\users\adity\desktop\humber\_humber fall 2018\game dynamics 2 - game-205-0na\assignment3\basicphysicsengine\basicphysicsengine\debug\uiproject.tlog\cl.write.1.tlog
c:\users\adity\desktop\humber\_humber fall 2018\game dynamics 2 - game-205-0na\assignment3\basicphysicsengine\basicphysicsengine\debug\uiproject.tlog\link.command.1.tlog
c:\users\adity\desktop\humber\_humber fall 2018\game dynamics 2 - game-205-0na\assignment3\basicphysicsengine\basicphysicsengine\debug\uiproject.tlog\link.read.1.tlog
c:\users\adity\desktop\humber\_humber fall 2018\game dynamics 2 - game-205-0na\assignment3\basicphysicsengine\basicphysicsengine\debug\uiproject.tlog\link.write.1.tlog
